<?xml version="1.0" encoding="UTF-8"?>
<testsuite xmlns:xsi="http://www.w3.org/2001/XMLSchema-instance" xsi:noNamespaceSchemaLocation="https://maven.apache.org/surefire/maven-surefire-plugin/xsd/surefire-test-report-3.0.xsd" version="3.0" name="TestSuite" time="39.607" tests="2" errors="0" skipped="0" failures="0">
  <properties>
[...]
</properties>
  <testcase name="testAddUser" classname="tests.UserTest" time="3.841">
    <system-out><![CDATA[[TestNGContentHandler] [WARN] It is strongly recommended to add "<!DOCTYPE suite SYSTEM "https://testng.org/testng-1.0.dtd" >" at the top of the suite file [C:\Users\Anneline\Automation Training\AutomationTraining\Web_UI_Testing\src\test\java\TestNg\Testng.xml] otherwise TestNG may fail or not work as expected.
2025-02-25 14:53:05 INFO  [main] tests.UserTest - Setting up the WebDriver and launching the application. chrome
2025-02-25 14:53:05 INFO  [main] tests.UserTest - WebDriver and application setup complete.
2025-02-25 14:53:05 INFO  [main] tests.UserTest - Test Case 'testAddUser' started.
2025-02-25 14:53:05 INFO  [main] tests.UserTest - Successfully validated User List Table visibility.
2025-02-25 14:53:07 INFO  [main] tests.UserTest - User PinkTeddy1740487985684 saved successfully.
2025-02-25 14:53:07 INFO  [main] tests.UserTest - User PinkTeddy1740487985684 was added successfully.
2025-02-25 14:53:08 INFO  [main] tests.UserTest - User BenShoe1740487987494 saved successfully.
2025-02-25 14:53:09 INFO  [main] tests.UserTest - User BenShoe1740487987494 was added successfully.
]]></system-out>
    <system-err><![CDATA[SLF4J: No SLF4J providers were found.
SLF4J: Defaulting to no-operation (NOP) logger implementation
SLF4J: See https://www.slf4j.org/codes.html#noProviders for further details.
Feb 25, 2025 2:53:01 PM org.openqa.selenium.devtools.CdpVersionFinder findNearestMatch
WARNING: Unable to find an exact match for CDP version 133, returning the closest version; found: 131; Please update to a Selenium version that supports CDP version 133
]]></system-err>
  </testcase>
  <testcase name="testAddUser" classname="tests.UserTest" time="4.029">
    <system-out><![CDATA[2025-02-25 14:53:09 INFO  [main] tests.UserTest - Test completed. Closing the browser.
2025-02-25 14:53:09 INFO  [main] tests.UserTest - Browser closed.
2025-02-25 14:53:28 INFO  [main] tests.UserTest - Setting up the WebDriver and launching the application. edge
2025-02-25 14:53:28 INFO  [main] tests.UserTest - WebDriver and application setup complete.
2025-02-25 14:53:28 INFO  [main] tests.UserTest - Test Case 'testAddUser' started.
2025-02-25 14:53:28 INFO  [main] tests.UserTest - Successfully validated User List Table visibility.
2025-02-25 14:53:30 INFO  [main] tests.UserTest - User PinkTeddy1740488008652 saved successfully.
2025-02-25 14:53:30 INFO  [main] tests.UserTest - User PinkTeddy1740488008652 was added successfully.
2025-02-25 14:53:31 INFO  [main] tests.UserTest - User BenShoe1740488010466 saved successfully.
2025-02-25 14:53:32 INFO  [main] tests.UserTest - User BenShoe1740488010466 was added successfully.
]]></system-out>
    <system-err><![CDATA[Feb 25, 2025 2:53:23 PM org.openqa.selenium.devtools.CdpVersionFinder findNearestMatch
WARNING: Unable to find an exact match for CDP version 133, returning the closest version; found: 131; Please update to a Selenium version that supports CDP version 133
]]></system-err>
  </testcase>
</testsuite>